<?xml version="1.0" encoding="UTF-8"?>
<testsuite name="com.kodilla.stream.array.ArrayOperationsTestSuite" tests="1" skipped="0" failures="0" errors="0" timestamp="2020-02-17T12:59:30" hostname="MacBook-Air-Natalia.local" time="0.052">
  <properties/>
  <testcase name="testGetAverage" classname="com.kodilla.stream.array.ArrayOperationsTestSuite" time="0.052"/>
  <system-out><![CDATA[2
2
2
2
2
2
average: 2.0
]]></system-out>
  <system-err><![CDATA[]]></system-err>
</testsuite>
